[12-Feb-2018 01:04:55 UTC] PHP Fatal error:  Cannot redeclare displayPoints() (previously declared in /home/ubuntu/workspace/Lab2/index.php:15) in /home/ubuntu/workspace/Lab2/index.php on line 47
[12-Feb-2018 01:04:56 UTC] PHP Fatal error:  Cannot redeclare displayPoints() (previously declared in /home/ubuntu/workspace/Lab2/index.php:15) in /home/ubuntu/workspace/Lab2/index.php on line 47
[12-Feb-2018 01:05:17 UTC] PHP Fatal error:  Cannot redeclare displayPoints() (previously declared in /home/ubuntu/workspace/Lab2/index.php:17) in /home/ubuntu/workspace/Lab2/index.php on line 49
[12-Feb-2018 01:05:27 UTC] PHP Fatal error:  Cannot redeclare displayPoints() (previously declared in /home/ubuntu/workspace/Lab2/index.php:17) in /home/ubuntu/workspace/Lab2/index.php on line 49
[12-Feb-2018 01:50:02 UTC] PHP Fatal error:  Call to undefined function play() in /home/ubuntu/workspace/Lab2/index.php on line 14
[12-Feb-2018 01:50:02 UTC] PHP Stack trace:
[12-Feb-2018 01:50:02 UTC] PHP   1. {main}() /home/ubuntu/workspace/Lab2/index.php:0
[12-Feb-2018 02:16:06 UTC] PHP Parse error:  syntax error, unexpected '<' in /home/ubuntu/workspace/Lab2/inc/functions.php on line 24
[12-Feb-2018 02:16:06 UTC] PHP Stack trace:
[12-Feb-2018 02:16:06 UTC] PHP   1. {main}() /home/ubuntu/workspace/Lab2/index.php:0
[12-Feb-2018 02:23:05 UTC] PHP Parse error:  syntax error, unexpected 'var' (T_VAR) in /home/ubuntu/workspace/Lab2/inc/functions.php on line 18
[12-Feb-2018 02:23:05 UTC] PHP Stack trace:
[12-Feb-2018 02:23:05 UTC] PHP   1. {main}() /home/ubuntu/workspace/Lab2/index.php:0
[12-Feb-2018 02:24:59 UTC] PHP Fatal error:  Maximum function nesting level of '256' reached, aborting! in /home/ubuntu/workspace/Lab2/inc/functions.php on line 43
[12-Feb-2018 02:24:59 UTC] PHP Stack trace:
[12-Feb-2018 02:24:59 UTC] PHP   1. {main}() /home/ubuntu/workspace/Lab2/index.php:0
[12-Feb-2018 02:24:59 UTC] PHP   2. play() /home/ubuntu/workspace/Lab2/index.php:17
[12-Feb-2018 02:24:59 UTC] PHP   3. displayPoints() /home/ubuntu/workspace/Lab2/inc/functions.php:46
[12-Feb-2018 02:24:59 UTC] PHP   4. play() /home/ubuntu/workspace/Lab2/inc/functions.php:24
[12-Feb-2018 02:24:59 UTC] PHP   5. displayPoints() /home/ubuntu/workspace/Lab2/inc/functions.php:46
[12-Feb-2018 02:24:59 UTC] PHP   6. play() /home/ubuntu/workspace/Lab2/inc/functions.php:24
[12-Feb-2018 02:24:59 UTC] PHP   7. displayPoints() /home/ubuntu/workspace/Lab2/inc/functions.php:46
[12-Feb-2018 02:24:59 UTC] PHP   8. play() /home/ubuntu/workspace/Lab2/inc/functions.php:24
[12-Feb-2018 02:24:59 UTC] PHP   9. displayPoints() /home/ubuntu/workspace/Lab2/inc/functions.php:46
[12-Feb-2018 02:24:59 UTC] PHP  10. play() /home/ubuntu/workspace/Lab2/inc/functions.php:24
[12-Feb-2018 02:24:59 UTC] PHP  11. displayPoints() /home/ubuntu/workspace/Lab2/inc/functions.php:46
[12-Feb-2018 02:24:59 UTC] PHP  12. play() /home/ubuntu/workspace/Lab2/inc/functions.php:24
[12-Feb-2018 02:24:59 UTC] PHP  13. displayPoints() /home/ubuntu/workspace/Lab2/inc/functions.php:46
[12-Feb-2018 02:24:59 UTC] PHP  14. play() /home/ubuntu/workspace/Lab2/inc/functions.php:24
[12-Feb-2018 02:24:59 UTC] PHP  15. displayPoints() /home/ubuntu/workspace/Lab2/inc/functions.php:46
[12-Feb-2018 02:24:59 UTC] PHP  16. play() /home/ubuntu/workspace/Lab2/inc/functions.php:24
[12-Feb-2018 02:24:59 UTC] PHP  17. displayPoints() /home/ubuntu/workspace/Lab2/inc/functions.php:46
[12-Feb-2018 02:24:59 UTC] PHP  18. play() /home/ubuntu/workspace/Lab2/inc/functions.php:24
[12-Feb-2018 02:24:59 UTC] PHP  19. displayPoints() /home/ubuntu/workspace/Lab2/inc/functions.php:46
[12-Feb-2018 02:24:59 UTC] PHP  20. play() /home/ubuntu/workspace/Lab2/inc/functions.php:24
[12-Feb-2018 02:24:59 UTC] PHP  21. displayPoints() /home/ubuntu/workspace/Lab2/inc/functions.php:46
[12-Feb-2018 02:24:59 UTC] PHP  22. play() /home/ubuntu/workspace/Lab2/inc/functions.php:24
[12-Feb-2018 02:24:59 UTC] PHP  23. displayPoints() /home/ubuntu/workspace/Lab2/inc/functions.php:46
[12-Feb-2018 02:24:59 UTC] PHP  24. play() /home/ubuntu/workspace/Lab2/inc/functions.php:24
[12-Feb-2018 02:24:59 UTC] PHP  25. displayPoints() /home/ubuntu/workspace/Lab2/inc/functions.php:46
[12-Feb-2018 02:24:59 UTC] PHP  26. play() /home/ubuntu/workspace/Lab2/inc/functions.php:24
[12-Feb-2018 02:24:59 UTC] PHP  27. displayPoints() /home/ubuntu/workspace/Lab2/inc/functions.php:46
[12-Feb-2018 02:24:59 UTC] PHP  28. play() /home/ubuntu/workspace/Lab2/inc/functions.php:24
[12-Feb-2018 02:24:59 UTC] PHP  29. displayPoints() /home/ubuntu/workspace/Lab2/inc/functions.php:46
[12-Feb-2018 02:24:59 UTC] PHP  30. play() /home/ubuntu/workspace/Lab2/inc/functions.php:24
[12-Feb-2018 02:24:59 UTC] PHP  31. displayPoints() /home/ubuntu/workspace/Lab2/inc/functions.php:46
[12-Feb-2018 02:24:59 UTC] PHP  32. play() /home/ubuntu/workspace/Lab2/inc/functions.php:24
[12-Feb-2018 02:24:59 UTC] PHP  33. displayPoints() /home/ubuntu/workspace/Lab2/inc/functions.php:46
[12-Feb-2018 02:24:59 UTC] PHP  34. play() /home/ubuntu/workspace/Lab2/inc/functions.php:24
[12-Feb-2018 02:24:59 UTC] PHP  35. displayPoints() /home/ubuntu/workspace/Lab2/inc/functions.php:46
[12-Feb-2018 02:24:59 UTC] PHP  36. play() /home/ubuntu/workspace/Lab2/inc/functions.php:24
[12-Feb-2018 02:24:59 UTC] PHP  37. displayPoints() /home/ubuntu/workspace/Lab2/inc/functions.php:46
[12-Feb-2018 02:24:59 UTC] PHP  38. play() /home/ubuntu/workspace/Lab2/inc/functions.php:24
[12-Feb-2018 02:24:59 UTC] PHP  39. displayPoints() /home/ubuntu/workspace/Lab2/inc/functions.php:46
[12-Feb-2018 02:24:59 UTC] PHP  40. play() /home/ubuntu/workspace/Lab2/inc/functions.php:24
[12-Feb-2018 02:24:59 UTC] PHP  41. displayPoints() /home/ubuntu/workspace/Lab2/inc/functions.php:46
[12-Feb-2018 02:24:59 UTC] PHP  42. play() /home/ubuntu/workspace/Lab2/inc/functions.php:24
[12-Feb-2018 02:24:59 UTC] PHP  43. displayPoints() /home/ubuntu/workspace/Lab2/inc/functions.php:46
[12-Feb-2018 02:24:59 UTC] PHP  44. play() /home/ubuntu/workspace/Lab2/inc/functions.php:24
[12-Feb-2018 02:24:59 UTC] PHP  45. displayPoints() /home/ubuntu/workspace/Lab2/inc/functions.php:46
[12-Feb-2018 02:24:59 UTC] PHP  46. play() /home/ubuntu/workspace/Lab2/inc/functions.php:24
[12-Feb-2018 02:24:59 UTC] PHP  47. displayPoints() /home/ubuntu/workspace/Lab2/inc/functions.php:46
[12-Feb-2018 02:24:59 UTC] PHP  48. play() /home/ubuntu/workspace/Lab2/inc/functions.php:24
[12-Feb-2018 02:24:59 UTC] PHP  49. displayPoints() /home/ubuntu/workspace/Lab2/inc/functions.php:46
[12-Feb-2018 02:24:59 UTC] PHP  50. play() /home/ubuntu/workspace/Lab2/inc/functions.php:24
[12-Feb-2018 02:24:59 UTC] PHP  51. displayPoints() /home/ubuntu/workspace/Lab2/inc/functions.php:46
[12-Feb-2018 02:24:59 UTC] PHP  52. play() /home/ubuntu/workspace/Lab2/inc/functions.php:24
[12-Feb-2018 02:24:59 UTC] PHP  53. displayPoints() /home/ubuntu/workspace/Lab2/inc/functions.php:46
[12-Feb-2018 02:24:59 UTC] PHP  54. play() /home/ubuntu/workspace/Lab2/inc/functions.php:24
[12-Feb-2018 02:24:59 UTC] PHP  55. displayPoints() /home/ubuntu/workspace/Lab2/inc/functions.php:46
[12-Feb-2018 02:24:59 UTC] PHP  56. play() /home/ubuntu/workspace/Lab2/inc/functions.php:24
[12-Feb-2018 02:24:59 UTC] PHP  57. displayPoints() /home/ubuntu/workspace/Lab2/inc/functions.php:46
[12-Feb-2018 02:24:59 UTC] PHP  58. play() /home/ubuntu/workspace/Lab2/inc/functions.php:24
[12-Feb-2018 02:24:59 UTC] PHP  59. displayPoints() /home/ubuntu/workspace/Lab2/inc/functions.php:46
[12-Feb-2018 02:24:59 UTC] PHP  60. play() /home/ubuntu/workspace/Lab2/inc/functions.php:24
[12-Feb-2018 02:24:59 UTC] PHP  61. displayPoints() /home/ubuntu/workspace/Lab2/inc/functions.php:46
[12-Feb-2018 02:24:59 UTC] PHP  62. play() /home/ubuntu/workspace/Lab2/inc/functions.php:24
[12-Feb-2018 02:24:59 UTC] PHP  63. displayPoints() /home/ubuntu/workspace/Lab2/inc/functions.php:46
[12-Feb-2018 02:24:59 UTC] PHP  64. play() /home/ubuntu/workspace/Lab2/inc/functions.php:24
[12-Feb-2018 02:24:59 UTC] PHP  65. displayPoints() /home/ubuntu/workspace/Lab2/inc/functions.php:46
[12-Feb-2018 02:24:59 UTC] PHP  66. play() /home/ubuntu/workspace/Lab2/inc/functions.php:24
[12-Feb-2018 02:24:59 UTC] PHP  67. displayPoints() /home/ubuntu/workspace/Lab2/inc/functions.php:46
[12-Feb-2018 02:24:59 UTC] PHP  68. play() /home/ubuntu/workspace/Lab2/inc/functions.php:24
[12-Feb-2018 02:24:59 UTC] PHP  69. displayPoints() /home/ubuntu/workspace/Lab2/inc/functions.php:46
[12-Feb-2018 02:24:59 UTC] PHP  70. play() /home/ubuntu/workspace/Lab2/inc/functions.php:24
[12-Feb-2018 02:24:59 UTC] PHP  71. displayPoints() /home/ubuntu/workspace/Lab2/inc/functions.php:46
[12-Feb-2018 02:24:59 UTC] PHP  72. play() /home/ubuntu/workspace/Lab2/inc/functions.php:24
[12-Feb-2018 02:24:59 UTC] PHP  73. displayPoints() /home/ubuntu/workspace/Lab2/inc/functions.php:46
[12-Feb-2018 02:24:59 UTC] PHP  74. play() /home/ubuntu/workspace/Lab2/inc/functions.php:24
[12-Feb-2018 02:24:59 UTC] PHP  75. displayPoints() /home/ubuntu/workspace/Lab2/inc/functions.php:46
[12-Feb-2018 02:24:59 UTC] PHP  76. play() /home/ubuntu/workspace/Lab2/inc/functions.php:24
[12-Feb-2018 02:24:59 UTC] PHP  77. displayPoints() /home/ubuntu/workspace/Lab2/inc/functions.php:46
[12-Feb-2018 02:24:59 UTC] PHP  78. play() /home/ubuntu/workspace/Lab2/inc/functions.php:24
[12-Feb-2018 02:24:59 UTC] PHP  79. displayPoints() /home/ubuntu/workspace/Lab2/inc/functions.php:46
[12-Feb-2018 02:24:59 UTC] PHP  80. play() /home/ubuntu/workspace/Lab2/inc/functions.php:24
[12-Feb-2018 02:24:59 UTC] PHP  81. displayPoints() /home/ubuntu/workspace/Lab2/inc/functions.php:46
[12-Feb-2018 02:24:59 UTC] PHP  82. play() /home/ubuntu/workspace/Lab2/inc/functions.php:24
[12-Feb-2018 02:24:59 UTC] PHP  83. displayPoints() /home/ubuntu/workspace/Lab2/inc/functions.php:46
[12-Feb-2018 02:24:59 UTC] PHP  84. play() /home/ubuntu/workspace/Lab2/inc/functions.php:24
[12-Feb-2018 02:24:59 UTC] PHP  85. displayPoints() /home/ubuntu/workspace/Lab2/inc/functions.php:46
[12-Feb-2018 02:24:59 UTC] PHP  86. play() /home/ubuntu/workspace/Lab2/inc/functions.php:24
[12-Feb-2018 02:24:59 UTC] PHP  87. displayPoints() /home/ubuntu/workspace/Lab2/inc/functions.php:46
[12-Feb-2018 02:24:59 UTC] PHP  88. play() /home/ubuntu/workspace/Lab2/inc/functions.php:24
[12-Feb-2018 02:24:59 UTC] PHP  89. displayPoints() /home/ubuntu/workspace/Lab2/inc/functions.php:46
[12-Feb-2018 02:24:59 UTC] PHP  90. play() /home/ubuntu/workspace/Lab2/inc/functions.php:24
[12-Feb-2018 02:24:59 UTC] PHP  91. displayPoints() /home/ubuntu/workspace/Lab2/inc/functions.php:46
[12-Feb-2018 02:24:59 UTC] PHP  92. play() /home/ubuntu/workspace/Lab2/inc/functions.php:24
[12-Feb-2018 02:24:59 UTC] PHP  93. displayPoints() /home/ubuntu/workspace/Lab2/inc/functions.php:46
[12-Feb-2018 02:24:59 UTC] PHP  94. play() /home/ubuntu/workspace/Lab2/inc/functions.php:24
[12-Feb-2018 02:24:59 UTC] PHP  95. displayPoints() /home/ubuntu/workspace/Lab2/inc/functions.php:46
[12-Feb-2018 02:24:59 UTC] PHP  96. play() /home/ubuntu/workspace/Lab2/inc/functions.php:24
[12-Feb-2018 02:24:59 UTC] PHP  97. displayPoints() /home/ubuntu/workspace/Lab2/inc/functions.php:46
[12-Feb-2018 02:24:59 UTC] PHP  98. play() /home/ubuntu/workspace/Lab2/inc/functions.php:24
[12-Feb-2018 02:24:59 UTC] PHP  99. displayPoints() /home/ubuntu/workspace/Lab2/inc/functions.php:46
[12-Feb-2018 02:24:59 UTC] PHP 100. play() /home/ubuntu/workspace/Lab2/inc/functions.php:24
[12-Feb-2018 02:24:59 UTC] PHP 101. displayPoints() /home/ubuntu/workspace/Lab2/inc/functions.php:46
[12-Feb-2018 02:24:59 UTC] PHP 102. play() /home/ubuntu/workspace/Lab2/inc/functions.php:24
[12-Feb-2018 02:24:59 UTC] PHP 103. displayPoints() /home/ubuntu/workspace/Lab2/inc/functions.php:46
[12-Feb-2018 02:24:59 UTC] PHP 104. play() /home/ubuntu/workspace/Lab2/inc/functions.php:24
[12-Feb-2018 02:24:59 UTC] PHP 105. displayPoints() /home/ubuntu/workspace/Lab2/inc/functions.php:46
[12-Feb-2018 02:24:59 UTC] PHP 106. play() /home/ubuntu/workspace/Lab2/inc/functions.php:24
[12-Feb-2018 02:24:59 UTC] PHP 107. displayPoints() /home/ubuntu/workspace/Lab2/inc/functions.php:46
[12-Feb-2018 02:24:59 UTC] PHP 108. play() /home/ubuntu/workspace/Lab2/inc/functions.php:24
[12-Feb-2018 02:24:59 UTC] PHP 109. displayPoints() /home/ubuntu/workspace/Lab2/inc/functions.php:46
[12-Feb-2018 02:24:59 UTC] PHP 110. play() /home/ubuntu/workspace/Lab2/inc/functions.php:24
[12-Feb-2018 02:24:59 UTC] PHP 111. displayPoints() /home/ubuntu/workspace/Lab2/inc/functions.php:46
[12-Feb-2018 02:24:59 UTC] PHP 112. play() /home/ubuntu/workspace/Lab2/inc/functions.php:24
[12-Feb-2018 02:24:59 UTC] PHP 113. displayPoints() /home/ubuntu/workspace/Lab2/inc/functions.php:46
[12-Feb-2018 02:24:59 UTC] PHP 114. play() /home/ubuntu/workspace/Lab2/inc/functions.php:24
[12-Feb-2018 02:24:59 UTC] PHP 115. displayPoints() /home/ubuntu/workspace/Lab2/inc/functions.php:46
[12-Feb-2018 02:24:59 UTC] PHP 116. play() /home/ubuntu/workspace/Lab2/inc/functions.php:24
[12-Feb-2018 02:24:59 UTC] PHP 117. displayPoints() /home/ubuntu/workspace/Lab2/inc/functions.php:46
[12-Feb-2018 02:24:59 UTC] PHP 118. play() /home/ubuntu/workspace/Lab2/inc/functions.php:24
[12-Feb-2018 02:24:59 UTC] PHP 119. displayPoints() /home/ubuntu/workspace/Lab2/inc/functions.php:46
[12-Feb-2018 02:24:59 UTC] PHP 120. play() /home/ubuntu/workspace/Lab2/inc/functions.php:24
[12-Feb-2018 02:24:59 UTC] PHP 121. displayPoints() /home/ubuntu/workspace/Lab2/inc/functions.php:46
[12-Feb-2018 02:24:59 UTC] PHP 122. play() /home/ubuntu/workspace/Lab2/inc/functions.php:24
[12-Feb-2018 02:24:59 UTC] PHP 123. displayPoints() /home/ubuntu/workspace/Lab2/inc/functions.php:46
[12-Feb-2018 02:24:59 UTC] PHP 124. play() /home/ubuntu/workspace/Lab2/inc/functions.php:24
[12-Feb-2018 02:24:59 UTC] PHP 125. displayPoints() /home/ubuntu/workspace/Lab2/inc/functions.php:46
[12-Feb-2018 02:24:59 UTC] PHP 126. play() /home/ubuntu/workspace/Lab2/inc/functions.php:24
[12-Feb-2018 02:24:59 UTC] PHP 127. displayPoints() /home/ubuntu/workspace/Lab2/inc/functions.php:46
[12-Feb-2018 02:24:59 UTC] PHP 128. play() /home/ubuntu/workspace/Lab2/inc/functions.php:24
[12-Feb-2018 02:24:59 UTC] PHP 129. displayPoints() /home/ubuntu/workspace/Lab2/inc/functions.php:46
[12-Feb-2018 02:24:59 UTC] PHP 130. play() /home/ubuntu/workspace/Lab2/inc/functions.php:24
[12-Feb-2018 02:24:59 UTC] PHP 131. displayPoints() /home/ubuntu/workspace/Lab2/inc/functions.php:46
[12-Feb-2018 02:24:59 UTC] PHP 132. play() /home/ubuntu/workspace/Lab2/inc/functions.php:24
[12-Feb-2018 02:24:59 UTC] PHP 133. displayPoints() /home/ubuntu/workspace/Lab2/inc/functions.php:46
[12-Feb-2018 02:24:59 UTC] PHP 134. play() /home/ubuntu/workspace/Lab2/inc/functions.php:24
[12-Feb-2018 02:24:59 UTC] PHP 135. displayPoints() /home/ubuntu/workspace/Lab2/inc/functions.php:46
[12-Feb-2018 02:24:59 UTC] PHP 136. play() /home/ubuntu/workspace/Lab2/inc/functions.php:24
[12-Feb-2018 02:24:59 UTC] PHP 137. displayPoints() /home/ubuntu/workspace/Lab2/inc/functions.php:46
[12-Feb-2018 02:24:59 UTC] PHP 138. play() /home/ubuntu/workspace/Lab2/inc/functions.php:24
[12-Feb-2018 02:24:59 UTC] PHP 139. displayPoints() /home/ubuntu/workspace/Lab2/inc/functions.php:46
[12-Feb-2018 02:24:59 UTC] PHP 140. play() /home/ubuntu/workspace/Lab2/inc/functions.php:24
[12-Feb-2018 02:24:59 UTC] PHP 141. displayPoints() /home/ubuntu/workspace/Lab2/inc/functions.php:46
[12-Feb-2018 02:24:59 UTC] PHP 142. play() /home/ubuntu/workspace/Lab2/inc/functions.php:24
[12-Feb-2018 02:24:59 UTC] PHP 143. displayPoints() /home/ubuntu/workspace/Lab2/inc/functions.php:46
[12-Feb-2018 02:24:59 UTC] PHP 144. play() /home/ubuntu/workspace/Lab2/inc/functions.php:24
[12-Feb-2018 02:24:59 UTC] PHP 145. displayPoints() /home/ubuntu/workspace/Lab2/inc/functions.php:46
[12-Feb-2018 02:24:59 UTC] PHP 146. play() /home/ubuntu/workspace/Lab2/inc/functions.php:24
[12-Feb-2018 02:24:59 UTC] PHP 147. displayPoints() /home/ubuntu/workspace/Lab2/inc/functions.php:46
[12-Feb-2018 02:24:59 UTC] PHP 148. play() /home/ubuntu/workspace/Lab2/inc/functions.php:24
[12-Feb-2018 02:24:59 UTC] PHP 149. displayPoints() /home/ubuntu/workspace/Lab2/inc/functions.php:46
[12-Feb-2018 02:24:59 UTC] PHP 150. play() /home/ubuntu/workspace/Lab2/inc/functions.php:24
[12-Feb-2018 02:24:59 UTC] PHP 151. displayPoints() /home/ubuntu/workspace/Lab2/inc/functions.php:46
[12-Feb-2018 02:24:59 UTC] PHP 152. play() /home/ubuntu/workspace/Lab2/inc/functions.php:24
[12-Feb-2018 02:24:59 UTC] PHP 153. displayPoints() /home/ubuntu/workspace/Lab2/inc/functions.php:46
[12-Feb-2018 02:24:59 UTC] PHP 154. play() /home/ubuntu/workspace/Lab2/inc/functions.php:24
[12-Feb-2018 02:24:59 UTC] PHP 155. displayPoints() /home/ubuntu/workspace/Lab2/inc/functions.php:46
[12-Feb-2018 02:24:59 UTC] PHP 156. play() /home/ubuntu/workspace/Lab2/inc/functions.php:24
[12-Feb-2018 02:24:59 UTC] PHP 157. displayPoints() /home/ubuntu/workspace/Lab2/inc/functions.php:46
[12-Feb-2018 02:24:59 UTC] PHP 158. play() /home/ubuntu/workspace/Lab2/inc/functions.php:24
[12-Feb-2018 02:24:59 UTC] PHP 159. displayPoints() /home/ubuntu/workspace/Lab2/inc/functions.php:46
[12-Feb-2018 02:24:59 UTC] PHP 160. play() /home/ubuntu/workspace/Lab2/inc/functions.php:24
[12-Feb-2018 02:24:59 UTC] PHP 161. displayPoints() /home/ubuntu/workspace/Lab2/inc/functions.php:46
[12-Feb-2018 02:24:59 UTC] PHP 162. play() /home/ubuntu/workspace/Lab2/inc/functions.php:24
[12-Feb-2018 02:24:59 UTC] PHP 163. displayPoints() /home/ubuntu/workspace/Lab2/inc/functions.php:46
[12-Feb-2018 02:24:59 UTC] PHP 164. play() /home/ubuntu/workspace/Lab2/inc/functions.php:24
[12-Feb-2018 02:24:59 UTC] PHP 165. displayPoints() /home/ubuntu/workspace/Lab2/inc/functions.php:46
[12-Feb-2018 02:24:59 UTC] PHP 166. play() /home/ubuntu/workspace/Lab2/inc/functions.php:24
[12-Feb-2018 02:24:59 UTC] PHP 167. displayPoints() /home/ubuntu/workspace/Lab2/inc/functions.php:46
[12-Feb-2018 02:24:59 UTC] PHP 168. play() /home/ubuntu/workspace/Lab2/inc/functions.php:24
[12-Feb-2018 02:24:59 UTC] PHP 169. displayPoints() /home/ubuntu/workspace/Lab2/inc/functions.php:46
[12-Feb-2018 02:24:59 UTC] PHP 170. play() /home/ubuntu/workspace/Lab2/inc/functions.php:24
[12-Feb-2018 02:24:59 UTC] PHP 171. displayPoints() /home/ubuntu/workspace/Lab2/inc/functions.php:46
[12-Feb-2018 02:24:59 UTC] PHP 172. play() /home/ubuntu/workspace/Lab2/inc/functions.php:24
[12-Feb-2018 02:24:59 UTC] PHP 173. displayPoints() /home/ubuntu/workspace/Lab2/inc/functions.php:46
[12-Feb-2018 02:24:59 UTC] PHP 174. play() /home/ubuntu/workspace/Lab2/inc/functions.php:24
[12-Feb-2018 02:24:59 UTC] PHP 175. displayPoints() /home/ubuntu/workspace/Lab2/inc/functions.php:46
[12-Feb-2018 02:24:59 UTC] PHP 176. play() /home/ubuntu/workspace/Lab2/inc/functions.php:24
[12-Feb-2018 02:24:59 UTC] PHP 177. displayPoints() /home/ubuntu/workspace/Lab2/inc/functions.php:46
[12-Feb-2018 02:24:59 UTC] PHP 178. play() /home/ubuntu/workspace/Lab2/inc/functions.php:24
[12-Feb-2018 02:24:59 UTC] PHP 179. displayPoints() /home/ubuntu/workspace/Lab2/inc/functions.php:46
[12-Feb-2018 02:24:59 UTC] PHP 180. play() /home/ubuntu/workspace/Lab2/inc/functions.php:24
[12-Feb-2018 02:24:59 UTC] PHP 181. displayPoints() /home/ubuntu/workspace/Lab2/inc/functions.php:46
[12-Feb-2018 02:24:59 UTC] PHP 182. play() /home/ubuntu/workspace/Lab2/inc/functions.php:24
[12-Feb-2018 02:24:59 UTC] PHP 183. displayPoints() /home/ubuntu/workspace/Lab2/inc/functions.php:46
[12-Feb-2018 02:24:59 UTC] PHP 184. play() /home/ubuntu/workspace/Lab2/inc/functions.php:24
[12-Feb-2018 02:24:59 UTC] PHP 185. displayPoints() /home/ubuntu/workspace/Lab2/inc/functions.php:46
[12-Feb-2018 02:24:59 UTC] PHP 186. play() /home/ubuntu/workspace/Lab2/inc/functions.php:24
[12-Feb-2018 02:24:59 UTC] PHP 187. displayPoints() /home/ubuntu/workspace/Lab2/inc/functions.php:46
[12-Feb-2018 02:24:59 UTC] PHP 188. play() /home/ubuntu/workspace/Lab2/inc/functions.php:24
[12-Feb-2018 02:24:59 UTC] PHP 189. displayPoints() /home/ubuntu/workspace/Lab2/inc/functions.php:46
[12-Feb-2018 02:24:59 UTC] PHP 190. play() /home/ubuntu/workspace/Lab2/inc/functions.php:24
[12-Feb-2018 02:24:59 UTC] PHP 191. displayPoints() /home/ubuntu/workspace/Lab2/inc/functions.php:46
[12-Feb-2018 02:24:59 UTC] PHP 192. play() /home/ubuntu/workspace/Lab2/inc/functions.php:24
[12-Feb-2018 02:24:59 UTC] PHP 193. displayPoints() /home/ubuntu/workspace/Lab2/inc/functions.php:46
[12-Feb-2018 02:24:59 UTC] PHP 194. play() /home/ubuntu/workspace/Lab2/inc/functions.php:24
[12-Feb-2018 02:24:59 UTC] PHP 195. displayPoints() /home/ubuntu/workspace/Lab2/inc/functions.php:46
[12-Feb-2018 02:24:59 UTC] PHP 196. play() /home/ubuntu/workspace/Lab2/inc/functions.php:24
[12-Feb-2018 02:24:59 UTC] PHP 197. displayPoints() /home/ubuntu/workspace/Lab2/inc/functions.php:46
[12-Feb-2018 02:24:59 UTC] PHP 198. play() /home/ubuntu/workspace/Lab2/inc/functions.php:24
[12-Feb-2018 02:24:59 UTC] PHP 199. displayPoints() /home/ubuntu/workspace/Lab2/inc/functions.php:46
[12-Feb-2018 02:24:59 UTC] PHP 200. play() /home/ubuntu/workspace/Lab2/inc/functions.php:24
[12-Feb-2018 02:24:59 UTC] PHP 201. displayPoints() /home/ubuntu/workspace/Lab2/inc/functions.php:46
[12-Feb-2018 02:24:59 UTC] PHP 202. play() /home/ubuntu/workspace/Lab2/inc/functions.php:24
[12-Feb-2018 02:24:59 UTC] PHP 203. displayPoints() /home/ubuntu/workspace/Lab2/inc/functions.php:46
[12-Feb-2018 02:24:59 UTC] PHP 204. play() /home/ubuntu/workspace/Lab2/inc/functions.php:24
[12-Feb-2018 02:24:59 UTC] PHP 205. displayPoints() /home/ubuntu/workspace/Lab2/inc/functions.php:46
[12-Feb-2018 02:24:59 UTC] PHP 206. play() /home/ubuntu/workspace/Lab2/inc/functions.php:24
[12-Feb-2018 02:24:59 UTC] PHP 207. displayPoints() /home/ubuntu/workspace/Lab2/inc/functions.php:46
[12-Feb-2018 02:24:59 UTC] PHP 208. play() /home/ubuntu/workspace/Lab2/inc/functions.php:24
[12-Feb-2018 02:24:59 UTC] PHP 209. displayPoints() /home/ubuntu/workspace/Lab2/inc/functions.php:46
[12-Feb-2018 02:24:59 UTC] PHP 210. play() /home/ubuntu/workspace/Lab2/inc/functions.php:24
[12-Feb-2018 02:24:59 UTC] PHP 211. displayPoints() /home/ubuntu/workspace/Lab2/inc/functions.php:46
[12-Feb-2018 02:24:59 UTC] PHP 212. play() /home/ubuntu/workspace/Lab2/inc/functions.php:24
[12-Feb-2018 02:24:59 UTC] PHP 213. displayPoints() /home/ubuntu/workspace/Lab2/inc/functions.php:46
[12-Feb-2018 02:24:59 UTC] PHP 214. play() /home/ubuntu/workspace/Lab2/inc/functions.php:24
[12-Feb-2018 02:24:59 UTC] PHP 215. displayPoints() /home/ubuntu/workspace/Lab2/inc/functions.php:46
[12-Feb-2018 02:24:59 UTC] PHP 216. play() /home/ubuntu/workspace/Lab2/inc/functions.php:24
[12-Feb-2018 02:24:59 UTC] PHP 217. displayPoints() /home/ubuntu/workspace/Lab2/inc/functions.php:46
[12-Feb-2018 02:24:59 UTC] PHP 218. play() /home/ubuntu/workspace/Lab2/inc/functions.php:24
[12-Feb-2018 02:24:59 UTC] PHP 219. displayPoints() /home/ubuntu/workspace/Lab2/inc/functions.php:46
[12-Feb-2018 02:24:59 UTC] PHP 220. play() /home/ubuntu/workspace/Lab2/inc/functions.php:24
[12-Feb-2018 02:24:59 UTC] PHP 221. displayPoints() /home/ubuntu/workspace/Lab2/inc/functions.php:46
[12-Feb-2018 02:24:59 UTC] PHP 222. play() /home/ubuntu/workspace/Lab2/inc/functions.php:24
[12-Feb-2018 02:24:59 UTC] PHP 223. displayPoints() /home/ubuntu/workspace/Lab2/inc/functions.php:46
[12-Feb-2018 02:24:59 UTC] PHP 224. play() /home/ubuntu/workspace/Lab2/inc/functions.php:24
[12-Feb-2018 02:24:59 UTC] PHP 225. displayPoints() /home/ubuntu/workspace/Lab2/inc/functions.php:46
[12-Feb-2018 02:24:59 UTC] PHP 226. play() /home/ubuntu/workspace/Lab2/inc/functions.php:24
[12-Feb-2018 02:24:59 UTC] PHP 227. displayPoints() /home/ubuntu/workspace/Lab2/inc/functions.php:46
[12-Feb-2018 02:24:59 UTC] PHP 228. play() /home/ubuntu/workspace/Lab2/inc/functions.php:24
[12-Feb-2018 02:24:59 UTC] PHP 229. displayPoints() /home/ubuntu/workspace/Lab2/inc/functions.php:46
[12-Feb-2018 02:24:59 UTC] PHP 230. play() /home/ubuntu/workspace/Lab2/inc/functions.php:24
[12-Feb-2018 02:24:59 UTC] PHP 231. displayPoints() /home/ubuntu/workspace/Lab2/inc/functions.php:46
[12-Feb-2018 02:24:59 UTC] PHP 232. play() /home/ubuntu/workspace/Lab2/inc/functions.php:24
[12-Feb-2018 02:24:59 UTC] PHP 233. displayPoints() /home/ubuntu/workspace/Lab2/inc/functions.php:46
[12-Feb-2018 02:24:59 UTC] PHP 234. play() /home/ubuntu/workspace/Lab2/inc/functions.php:24
[12-Feb-2018 02:24:59 UTC] PHP 235. displayPoints() /home/ubuntu/workspace/Lab2/inc/functions.php:46
[12-Feb-2018 02:24:59 UTC] PHP 236. play() /home/ubuntu/workspace/Lab2/inc/functions.php:24
[12-Feb-2018 02:24:59 UTC] PHP 237. displayPoints() /home/ubuntu/workspace/Lab2/inc/functions.php:46
[12-Feb-2018 02:24:59 UTC] PHP 238. play() /home/ubuntu/workspace/Lab2/inc/functions.php:24
[12-Feb-2018 02:24:59 UTC] PHP 239. displayPoints() /home/ubuntu/workspace/Lab2/inc/functions.php:46
[12-Feb-2018 02:24:59 UTC] PHP 240. play() /home/ubuntu/workspace/Lab2/inc/functions.php:24
[12-Feb-2018 02:24:59 UTC] PHP 241. displayPoints() /home/ubuntu/workspace/Lab2/inc/functions.php:46
[12-Feb-2018 02:24:59 UTC] PHP 242. play() /home/ubuntu/workspace/Lab2/inc/functions.php:24
[12-Feb-2018 02:24:59 UTC] PHP 243. displayPoints() /home/ubuntu/workspace/Lab2/inc/functions.php:46
[12-Feb-2018 02:24:59 UTC] PHP 244. play() /home/ubuntu/workspace/Lab2/inc/functions.php:24
[12-Feb-2018 02:24:59 UTC] PHP 245. displayPoints() /home/ubuntu/workspace/Lab2/inc/functions.php:46
[12-Feb-2018 02:24:59 UTC] PHP 246. play() /home/ubuntu/workspace/Lab2/inc/functions.php:24
[12-Feb-2018 02:24:59 UTC] PHP 247. displayPoints() /home/ubuntu/workspace/Lab2/inc/functions.php:46
[12-Feb-2018 02:24:59 UTC] PHP 248. play() /home/ubuntu/workspace/Lab2/inc/functions.php:24
[12-Feb-2018 02:24:59 UTC] PHP 249. displayPoints() /home/ubuntu/workspace/Lab2/inc/functions.php:46
[12-Feb-2018 02:24:59 UTC] PHP 250. play() /home/ubuntu/workspace/Lab2/inc/functions.php:24
[12-Feb-2018 02:24:59 UTC] PHP 251. displayPoints() /home/ubuntu/workspace/Lab2/inc/functions.php:46
[12-Feb-2018 02:24:59 UTC] PHP 252. play() /home/ubuntu/workspace/Lab2/inc/functions.php:24
[12-Feb-2018 02:24:59 UTC] PHP 253. displayPoints() /home/ubuntu/workspace/Lab2/inc/functions.php:46
[12-Feb-2018 02:24:59 UTC] PHP 254. play() /home/ubuntu/workspace/Lab2/inc/functions.php:24
[12-Feb-2018 02:24:59 UTC] PHP 255. displayPoints() /home/ubuntu/workspace/Lab2/inc/functions.php:46
[12-Feb-2018 02:24:59 UTC] PHP 256. play() /home/ubuntu/workspace/Lab2/inc/functions.php:24
[12-Feb-2018 17:33:05 UTC] PHP Parse error:  syntax error, unexpected '<' in /home/ubuntu/workspace/Examples/challenge.php on line 41
[12-Feb-2018 17:36:34 UTC] PHP Parse error:  syntax error, unexpected end of file in /home/ubuntu/workspace/Examples/challenge.php on line 86
[12-Feb-2018 17:46:42 UTC] PHP Parse error:  syntax error, unexpected end of file in /home/ubuntu/workspace/Examples/challenge.php on line 89
[14-Feb-2018 16:50:01 UTC] PHP Parse error:  syntax error, unexpected end of file in /home/ubuntu/workspace/Examples/challenge.php on line 89
[14-Feb-2018 16:58:17 UTC] PHP Parse error:  syntax error, unexpected 'do' (T_DO) in /home/ubuntu/workspace/Examples/challenge.php on line 38
[14-Feb-2018 17:28:50 UTC] PHP Fatal error:  Maximum execution time of 300 seconds exceeded in /home/ubuntu/workspace/Examples/challenge.php on line 58
[14-Feb-2018 17:28:50 UTC] PHP Stack trace:
[14-Feb-2018 17:28:50 UTC] PHP   1. {main}() /home/ubuntu/workspace/Examples/challenge.php:0
[26-Feb-2018 06:59:58 UTC] PHP Warning:  Invalid argument supplied for foreach() in /home/ubuntu/workspace/assignment2/process.php on line 44
[26-Feb-2018 06:59:58 UTC] PHP Stack trace:
[26-Feb-2018 06:59:58 UTC] PHP   1. {main}() /home/ubuntu/workspace/assignment2/process.php:0
[26-Feb-2018 07:05:33 UTC] PHP Warning:  Invalid argument supplied for foreach() in /home/ubuntu/workspace/assignment2/process.php on line 41
[26-Feb-2018 07:05:33 UTC] PHP Stack trace:
[26-Feb-2018 07:05:33 UTC] PHP   1. {main}() /home/ubuntu/workspace/assignment2/process.php:0
[26-Feb-2018 07:06:42 UTC] PHP Warning:  Invalid argument supplied for foreach() in /home/ubuntu/workspace/assignment2/process.php on line 41
[26-Feb-2018 07:06:42 UTC] PHP Stack trace:
[26-Feb-2018 07:06:42 UTC] PHP   1. {main}() /home/ubuntu/workspace/assignment2/process.php:0
[26-Feb-2018 07:06:46 UTC] PHP Warning:  Invalid argument supplied for foreach() in /home/ubuntu/workspace/assignment2/process.php on line 41
[26-Feb-2018 07:06:46 UTC] PHP Stack trace:
[26-Feb-2018 07:06:46 UTC] PHP   1. {main}() /home/ubuntu/workspace/assignment2/process.php:0
[26-Feb-2018 07:08:24 UTC] PHP Warning:  Invalid argument supplied for foreach() in /home/ubuntu/workspace/assignment2/process.php on line 41
[26-Feb-2018 07:08:24 UTC] PHP Stack trace:
[26-Feb-2018 07:08:24 UTC] PHP   1. {main}() /home/ubuntu/workspace/assignment2/process.php:0
[26-Feb-2018 07:08:34 UTC] PHP Warning:  Invalid argument supplied for foreach() in /home/ubuntu/workspace/assignment2/process.php on line 41
[26-Feb-2018 07:08:34 UTC] PHP Stack trace:
[26-Feb-2018 07:08:34 UTC] PHP   1. {main}() /home/ubuntu/workspace/assignment2/process.php:0
[26-Feb-2018 07:19:29 UTC] PHP Parse error:  syntax error, unexpected '$_POST' (T_VARIABLE), expecting ',' or ';' in /home/ubuntu/workspace/assignment2/process.php on line 46
[26-Feb-2018 23:17:33 UTC] PHP Parse error:  syntax error, unexpected 'player' (T_STRING), expecting ',' or ';' in /home/ubuntu/workspace/Lab3/index.php on line 110
[26-Feb-2018 23:17:46 UTC] PHP Parse error:  syntax error, unexpected 'player' (T_STRING), expecting ',' or ';' in /home/ubuntu/workspace/Lab3/index.php on line 110
[26-Feb-2018 23:17:47 UTC] PHP Parse error:  syntax error, unexpected 'player' (T_STRING), expecting ',' or ';' in /home/ubuntu/workspace/Lab3/index.php on line 110
[26-Feb-2018 23:21:25 UTC] PHP Parse error:  syntax error, unexpected 'player' (T_STRING), expecting ',' or ';' in /home/ubuntu/workspace/Lab3/index.php on line 110
[27-Feb-2018 00:40:19 UTC] PHP Parse error:  syntax error, unexpected '[' in /home/ubuntu/workspace/Lab3/index.php on line 135
[27-Feb-2018 00:42:20 UTC] PHP Parse error:  syntax error, unexpected '$hand' (T_VARIABLE), expecting ',' or ';' in /home/ubuntu/workspace/Lab3/index.php on line 133
[12-Mar-2018 15:51:32 UTC] PHP Parse error:  syntax error, unexpected '$bdd' (T_VARIABLE) in /home/ubuntu/workspace/Lab4/index.php on line 70
[12-Mar-2018 16:44:51 UTC] PHP Parse error:  syntax error, unexpected '$bdd' (T_VARIABLE) in /home/ubuntu/workspace/Lab4/index.php on line 70
[12-Mar-2018 16:46:09 UTC] PHP Parse error:  syntax error, unexpected '$bdd' (T_VARIABLE) in /home/ubuntu/workspace/Lab4/index.php on line 70
[12-Mar-2018 16:46:53 UTC] PHP Parse error:  syntax error, unexpected '$bdd' (T_VARIABLE) in /home/ubuntu/workspace/Lab4/index.php on line 70
[12-Mar-2018 16:46:56 UTC] PHP Parse error:  syntax error, unexpected '$bdd' (T_VARIABLE) in /home/ubuntu/workspace/Lab4/index.php on line 70
[12-Mar-2018 16:52:29 UTC] PHP Fatal error:  Uncaught exception 'PDOException' with message 'SQLSTATE[HY000] [1045] Access denied for user 'kevens'@'localhost' (using password: NO)' in /home/ubuntu/workspace/Lab4/index.php:69
Stack trace:
#0 /home/ubuntu/workspace/Lab4/index.php(69): PDO->__construct('mysql:host=loca...', 'kevens', '')
#1 {main}
  thrown in /home/ubuntu/workspace/Lab4/index.php on line 69
[12-Mar-2018 23:23:08 UTC] PHP Fatal error:  Uncaught exception 'PDOException' with message 'SQLSTATE[HY000] [1045] Access denied for user 'kevens'@'localhost' (using password: NO)' in /home/ubuntu/workspace/Lab4/index.php:70
Stack trace:
#0 /home/ubuntu/workspace/Lab4/index.php(70): PDO->__construct('mysql:host=loca...', 'kevens', '')
#1 {main}
  thrown in /home/ubuntu/workspace/Lab4/index.php on line 70
[12-Mar-2018 23:23:39 UTC] PHP Fatal error:  Uncaught exception 'PDOException' with message 'SQLSTATE[HY000] [1045] Access denied for user 'kevensiao'@'localhost' (using password: NO)' in /home/ubuntu/workspace/Lab4/index.php:70
Stack trace:
#0 /home/ubuntu/workspace/Lab4/index.php(70): PDO->__construct('mysql:host=loca...', 'kevensiao', '')
#1 {main}
  thrown in /home/ubuntu/workspace/Lab4/index.php on line 70
[13-Mar-2018 04:19:30 UTC] PHP Parse error:  syntax error, unexpected '$input' (T_VARIABLE), expecting ',' or ';' in /home/ubuntu/workspace/Lab4/index.php on line 73
[13-Mar-2018 04:25:30 UTC] PHP Fatal error:  Call to a member function fetch() on a non-object in /home/ubuntu/workspace/Lab4/index.php on line 118
[13-Mar-2018 04:25:30 UTC] PHP Stack trace:
[13-Mar-2018 04:25:30 UTC] PHP   1. {main}() /home/ubuntu/workspace/Lab4/index.php:0
[13-Mar-2018 04:25:48 UTC] PHP Fatal error:  Call to a member function fetch() on a non-object in /home/ubuntu/workspace/Lab4/index.php on line 118
[13-Mar-2018 04:25:48 UTC] PHP Stack trace:
[13-Mar-2018 04:25:48 UTC] PHP   1. {main}() /home/ubuntu/workspace/Lab4/index.php:0
[13-Mar-2018 04:26:18 UTC] PHP Fatal error:  Call to a member function fetch() on a non-object in /home/ubuntu/workspace/Lab4/index.php on line 118
[13-Mar-2018 04:26:18 UTC] PHP Stack trace:
[13-Mar-2018 04:26:18 UTC] PHP   1. {main}() /home/ubuntu/workspace/Lab4/index.php:0
[13-Mar-2018 04:26:20 UTC] PHP Fatal error:  Call to a member function fetch() on a non-object in /home/ubuntu/workspace/Lab4/index.php on line 118
[13-Mar-2018 04:26:20 UTC] PHP Stack trace:
[13-Mar-2018 04:26:20 UTC] PHP   1. {main}() /home/ubuntu/workspace/Lab4/index.php:0
[13-Mar-2018 04:30:57 UTC] PHP Fatal error:  Call to a member function fetch() on a non-object in /home/ubuntu/workspace/Lab4/index.php on line 118
[13-Mar-2018 04:30:57 UTC] PHP Stack trace:
[13-Mar-2018 04:30:57 UTC] PHP   1. {main}() /home/ubuntu/workspace/Lab4/index.php:0
[13-Mar-2018 04:58:14 UTC] PHP Fatal error:  Call to a member function fetch() on a non-object in /home/ubuntu/workspace/Lab4/index.php on line 125
[13-Mar-2018 04:58:14 UTC] PHP Stack trace:
[13-Mar-2018 04:58:14 UTC] PHP   1. {main}() /home/ubuntu/workspace/Lab4/index.php:0
[13-Mar-2018 15:41:38 UTC] PHP Fatal error:  Call to a member function fetch() on a non-object in /home/ubuntu/workspace/Lab4/index.php on line 139
[13-Mar-2018 15:41:38 UTC] PHP Stack trace:
[13-Mar-2018 15:41:38 UTC] PHP   1. {main}() /home/ubuntu/workspace/Lab4/index.php:0
[14-Mar-2018 16:05:49 UTC] PHP Fatal error:  Call to a member function fetch() on a non-object in /home/ubuntu/workspace/Lab4/index.php on line 147
[14-Mar-2018 16:05:49 UTC] PHP Stack trace:
[14-Mar-2018 16:05:49 UTC] PHP   1. {main}() /home/ubuntu/workspace/Lab4/index.php:0
[14-Mar-2018 16:08:48 UTC] PHP Fatal error:  Call to a member function fetch() on a non-object in /home/ubuntu/workspace/Lab4/index.php on line 147
[14-Mar-2018 16:08:48 UTC] PHP Stack trace:
[14-Mar-2018 16:08:48 UTC] PHP   1. {main}() /home/ubuntu/workspace/Lab4/index.php:0
[27-Mar-2018 15:42:19 UTC] PHP Fatal error:  Call to a member function fetch() on a non-object in /home/ubuntu/workspace/teamproject/index.php on line 102
[27-Mar-2018 15:42:19 UTC] PHP Stack trace:
[27-Mar-2018 15:42:19 UTC] PHP   1. {main}() /home/ubuntu/workspace/teamproject/index.php:0
[27-Mar-2018 16:39:26 UTC] PHP Parse error:  syntax error, unexpected '$reponse' (T_VARIABLE), expecting '(' in /home/ubuntu/workspace/teamproject/index.php on line 95
[28-Mar-2018 14:30:23 UTC] PHP Parse error:  syntax error, unexpected 'F' (T_STRING) in /home/ubuntu/workspace/midterm/program2.php on line 16
[28-Mar-2018 14:30:44 UTC] PHP Fatal error:  Call to a member function fetch() on a non-object in /home/ubuntu/workspace/midterm/program2.php on line 19
[28-Mar-2018 14:30:44 UTC] PHP Stack trace:
[28-Mar-2018 14:30:44 UTC] PHP   1. {main}() /home/ubuntu/workspace/midterm/program2.php:0
[28-Mar-2018 14:32:18 UTC] PHP Fatal error:  Call to a member function fetch() on a non-object in /home/ubuntu/workspace/midterm/program2.php on line 19
[28-Mar-2018 14:32:18 UTC] PHP Stack trace:
[28-Mar-2018 14:32:18 UTC] PHP   1. {main}() /home/ubuntu/workspace/midterm/program2.php:0
[28-Mar-2018 14:32:18 UTC] PHP Fatal error:  Call to a member function fetch() on a non-object in /home/ubuntu/workspace/midterm/program2.php on line 19
[28-Mar-2018 14:32:18 UTC] PHP Stack trace:
[28-Mar-2018 14:32:18 UTC] PHP   1. {main}() /home/ubuntu/workspace/midterm/program2.php:0
[28-Mar-2018 14:32:18 UTC] PHP Fatal error:  Call to a member function fetch() on a non-object in /home/ubuntu/workspace/midterm/program2.php on line 19
[28-Mar-2018 14:32:18 UTC] PHP Stack trace:
[28-Mar-2018 14:32:18 UTC] PHP   1. {main}() /home/ubuntu/workspace/midterm/program2.php:0
[28-Mar-2018 14:32:18 UTC] PHP Fatal error:  Call to a member function fetch() on a non-object in /home/ubuntu/workspace/midterm/program2.php on line 19
[28-Mar-2018 14:32:18 UTC] PHP Stack trace:
[28-Mar-2018 14:32:18 UTC] PHP   1. {main}() /home/ubuntu/workspace/midterm/program2.php:0
[28-Mar-2018 14:32:19 UTC] PHP Fatal error:  Call to a member function fetch() on a non-object in /home/ubuntu/workspace/midterm/program2.php on line 19
[28-Mar-2018 14:32:19 UTC] PHP Stack trace:
[28-Mar-2018 14:32:19 UTC] PHP   1. {main}() /home/ubuntu/workspace/midterm/program2.php:0
[28-Mar-2018 14:32:19 UTC] PHP Fatal error:  Call to a member function fetch() on a non-object in /home/ubuntu/workspace/midterm/program2.php on line 19
[28-Mar-2018 14:32:19 UTC] PHP Stack trace:
[28-Mar-2018 14:32:19 UTC] PHP   1. {main}() /home/ubuntu/workspace/midterm/program2.php:0
[28-Mar-2018 14:32:19 UTC] PHP Fatal error:  Call to a member function fetch() on a non-object in /home/ubuntu/workspace/midterm/program2.php on line 19
[28-Mar-2018 14:32:19 UTC] PHP Stack trace:
[28-Mar-2018 14:32:19 UTC] PHP   1. {main}() /home/ubuntu/workspace/midterm/program2.php:0
[28-Mar-2018 14:32:19 UTC] PHP Fatal error:  Call to a member function fetch() on a non-object in /home/ubuntu/workspace/midterm/program2.php on line 19
[28-Mar-2018 14:32:19 UTC] PHP Stack trace:
[28-Mar-2018 14:32:19 UTC] PHP   1. {main}() /home/ubuntu/workspace/midterm/program2.php:0
[28-Mar-2018 14:32:19 UTC] PHP Fatal error:  Call to a member function fetch() on a non-object in /home/ubuntu/workspace/midterm/program2.php on line 19
[28-Mar-2018 14:32:19 UTC] PHP Stack trace:
[28-Mar-2018 14:32:19 UTC] PHP   1. {main}() /home/ubuntu/workspace/midterm/program2.php:0
[28-Mar-2018 14:32:19 UTC] PHP Fatal error:  Call to a member function fetch() on a non-object in /home/ubuntu/workspace/midterm/program2.php on line 19
[28-Mar-2018 14:32:19 UTC] PHP Stack trace:
[28-Mar-2018 14:32:19 UTC] PHP   1. {main}() /home/ubuntu/workspace/midterm/program2.php:0
[28-Mar-2018 14:32:20 UTC] PHP Fatal error:  Call to a member function fetch() on a non-object in /home/ubuntu/workspace/midterm/program2.php on line 19
[28-Mar-2018 14:32:20 UTC] PHP Stack trace:
[28-Mar-2018 14:32:20 UTC] PHP   1. {main}() /home/ubuntu/workspace/midterm/program2.php:0
[28-Mar-2018 14:34:16 UTC] PHP Fatal error:  Call to a member function fetch() on a non-object in /home/ubuntu/workspace/midterm/program2.php on line 19
[28-Mar-2018 14:34:16 UTC] PHP Stack trace:
[28-Mar-2018 14:34:16 UTC] PHP   1. {main}() /home/ubuntu/workspace/midterm/program2.php:0
[28-Mar-2018 14:34:17 UTC] PHP Fatal error:  Call to a member function fetch() on a non-object in /home/ubuntu/workspace/midterm/program2.php on line 19
[28-Mar-2018 14:34:17 UTC] PHP Stack trace:
[28-Mar-2018 14:34:17 UTC] PHP   1. {main}() /home/ubuntu/workspace/midterm/program2.php:0
[28-Mar-2018 14:34:17 UTC] PHP Fatal error:  Call to a member function fetch() on a non-object in /home/ubuntu/workspace/midterm/program2.php on line 19
[28-Mar-2018 14:34:17 UTC] PHP Stack trace:
[28-Mar-2018 14:34:17 UTC] PHP   1. {main}() /home/ubuntu/workspace/midterm/program2.php:0
[28-Mar-2018 14:34:17 UTC] PHP Fatal error:  Call to a member function fetch() on a non-object in /home/ubuntu/workspace/midterm/program2.php on line 19
[28-Mar-2018 14:34:17 UTC] PHP Stack trace:
[28-Mar-2018 14:34:17 UTC] PHP   1. {main}() /home/ubuntu/workspace/midterm/program2.php:0
[28-Mar-2018 14:34:18 UTC] PHP Fatal error:  Call to a member function fetch() on a non-object in /home/ubuntu/workspace/midterm/program2.php on line 19
[28-Mar-2018 14:34:18 UTC] PHP Stack trace:
[28-Mar-2018 14:34:18 UTC] PHP   1. {main}() /home/ubuntu/workspace/midterm/program2.php:0
[28-Mar-2018 14:34:18 UTC] PHP Fatal error:  Call to a member function fetch() on a non-object in /home/ubuntu/workspace/midterm/program2.php on line 19
[28-Mar-2018 14:34:18 UTC] PHP Stack trace:
[28-Mar-2018 14:34:18 UTC] PHP   1. {main}() /home/ubuntu/workspace/midterm/program2.php:0
[28-Mar-2018 14:34:18 UTC] PHP Fatal error:  Call to a member function fetch() on a non-object in /home/ubuntu/workspace/midterm/program2.php on line 19
[28-Mar-2018 14:34:18 UTC] PHP Stack trace:
[28-Mar-2018 14:34:18 UTC] PHP   1. {main}() /home/ubuntu/workspace/midterm/program2.php:0
[28-Mar-2018 14:34:18 UTC] PHP Fatal error:  Call to a member function fetch() on a non-object in /home/ubuntu/workspace/midterm/program2.php on line 19
[28-Mar-2018 14:34:18 UTC] PHP Stack trace:
[28-Mar-2018 14:34:18 UTC] PHP   1. {main}() /home/ubuntu/workspace/midterm/program2.php:0
[28-Mar-2018 14:34:18 UTC] PHP Fatal error:  Call to a member function fetch() on a non-object in /home/ubuntu/workspace/midterm/program2.php on line 19
[28-Mar-2018 14:34:18 UTC] PHP Stack trace:
[28-Mar-2018 14:34:18 UTC] PHP   1. {main}() /home/ubuntu/workspace/midterm/program2.php:0
[28-Mar-2018 14:34:18 UTC] PHP Fatal error:  Call to a member function fetch() on a non-object in /home/ubuntu/workspace/midterm/program2.php on line 19
[28-Mar-2018 14:34:18 UTC] PHP Stack trace:
[28-Mar-2018 14:34:18 UTC] PHP   1. {main}() /home/ubuntu/workspace/midterm/program2.php:0
[28-Mar-2018 14:34:18 UTC] PHP Fatal error:  Call to a member function fetch() on a non-object in /home/ubuntu/workspace/midterm/program2.php on line 19
[28-Mar-2018 14:34:18 UTC] PHP Stack trace:
[28-Mar-2018 14:34:18 UTC] PHP   1. {main}() /home/ubuntu/workspace/midterm/program2.php:0
[28-Mar-2018 14:34:19 UTC] PHP Fatal error:  Call to a member function fetch() on a non-object in /home/ubuntu/workspace/midterm/program2.php on line 19
[28-Mar-2018 14:34:19 UTC] PHP Stack trace:
[28-Mar-2018 14:34:19 UTC] PHP   1. {main}() /home/ubuntu/workspace/midterm/program2.php:0
[28-Mar-2018 14:36:02 UTC] PHP Fatal error:  Call to a member function fetch() on a non-object in /home/ubuntu/workspace/midterm/program2.php on line 19
[28-Mar-2018 14:36:02 UTC] PHP Stack trace:
[28-Mar-2018 14:36:02 UTC] PHP   1. {main}() /home/ubuntu/workspace/midterm/program2.php:0
[28-Mar-2018 14:38:52 UTC] PHP Fatal error:  Call to a member function fetch() on a non-object in /home/ubuntu/workspace/midterm/program2.php on line 19
[28-Mar-2018 14:38:52 UTC] PHP Stack trace:
[28-Mar-2018 14:38:52 UTC] PHP   1. {main}() /home/ubuntu/workspace/midterm/program2.php:0
[28-Mar-2018 14:38:53 UTC] PHP Fatal error:  Call to a member function fetch() on a non-object in /home/ubuntu/workspace/midterm/program2.php on line 19
[28-Mar-2018 14:38:53 UTC] PHP Stack trace:
[28-Mar-2018 14:38:53 UTC] PHP   1. {main}() /home/ubuntu/workspace/midterm/program2.php:0
[28-Mar-2018 14:38:53 UTC] PHP Fatal error:  Call to a member function fetch() on a non-object in /home/ubuntu/workspace/midterm/program2.php on line 19
[28-Mar-2018 14:38:53 UTC] PHP Stack trace:
[28-Mar-2018 14:38:53 UTC] PHP   1. {main}() /home/ubuntu/workspace/midterm/program2.php:0
[28-Mar-2018 14:38:53 UTC] PHP Fatal error:  Call to a member function fetch() on a non-object in /home/ubuntu/workspace/midterm/program2.php on line 19
[28-Mar-2018 14:38:53 UTC] PHP Stack trace:
[28-Mar-2018 14:38:53 UTC] PHP   1. {main}() /home/ubuntu/workspace/midterm/program2.php:0
[28-Mar-2018 14:38:53 UTC] PHP Fatal error:  Call to a member function fetch() on a non-object in /home/ubuntu/workspace/midterm/program2.php on line 19
[28-Mar-2018 14:38:53 UTC] PHP Stack trace:
[28-Mar-2018 14:38:53 UTC] PHP   1. {main}() /home/ubuntu/workspace/midterm/program2.php:0
[28-Mar-2018 14:38:53 UTC] PHP Fatal error:  Call to a member function fetch() on a non-object in /home/ubuntu/workspace/midterm/program2.php on line 19
[28-Mar-2018 14:38:53 UTC] PHP Stack trace:
[28-Mar-2018 14:38:53 UTC] PHP   1. {main}() /home/ubuntu/workspace/midterm/program2.php:0
[28-Mar-2018 14:38:53 UTC] PHP Fatal error:  Call to a member function fetch() on a non-object in /home/ubuntu/workspace/midterm/program2.php on line 19
[28-Mar-2018 14:38:53 UTC] PHP Stack trace:
[28-Mar-2018 14:38:53 UTC] PHP   1. {main}() /home/ubuntu/workspace/midterm/program2.php:0
[28-Mar-2018 14:38:54 UTC] PHP Fatal error:  Call to a member function fetch() on a non-object in /home/ubuntu/workspace/midterm/program2.php on line 19
[28-Mar-2018 14:38:54 UTC] PHP Stack trace:
[28-Mar-2018 14:38:54 UTC] PHP   1. {main}() /home/ubuntu/workspace/midterm/program2.php:0
[28-Mar-2018 14:38:54 UTC] PHP Fatal error:  Call to a member function fetch() on a non-object in /home/ubuntu/workspace/midterm/program2.php on line 19
[28-Mar-2018 14:38:54 UTC] PHP Stack trace:
[28-Mar-2018 14:38:54 UTC] PHP   1. {main}() /home/ubuntu/workspace/midterm/program2.php:0
[28-Mar-2018 14:38:54 UTC] PHP Fatal error:  Call to a member function fetch() on a non-object in /home/ubuntu/workspace/midterm/program2.php on line 19
[28-Mar-2018 14:38:54 UTC] PHP Stack trace:
[28-Mar-2018 14:38:54 UTC] PHP   1. {main}() /home/ubuntu/workspace/midterm/program2.php:0
[28-Mar-2018 14:38:54 UTC] PHP Fatal error:  Call to a member function fetch() on a non-object in /home/ubuntu/workspace/midterm/program2.php on line 19
[28-Mar-2018 14:38:54 UTC] PHP Stack trace:
[28-Mar-2018 14:38:54 UTC] PHP   1. {main}() /home/ubuntu/workspace/midterm/program2.php:0
[28-Mar-2018 14:38:54 UTC] PHP Fatal error:  Call to a member function fetch() on a non-object in /home/ubuntu/workspace/midterm/program2.php on line 19
[28-Mar-2018 14:38:54 UTC] PHP Stack trace:
[28-Mar-2018 14:38:54 UTC] PHP   1. {main}() /home/ubuntu/workspace/midterm/program2.php:0
[28-Mar-2018 14:38:57 UTC] PHP Fatal error:  Call to a member function fetch() on a non-object in /home/ubuntu/workspace/midterm/program2.php on line 19
[28-Mar-2018 14:38:57 UTC] PHP Stack trace:
[28-Mar-2018 14:38:57 UTC] PHP   1. {main}() /home/ubuntu/workspace/midterm/program2.php:0
[28-Mar-2018 14:41:25 UTC] PHP Fatal error:  Call to a member function fetch() on a non-object in /home/ubuntu/workspace/midterm/program2.php on line 19
[28-Mar-2018 14:41:25 UTC] PHP Stack trace:
[28-Mar-2018 14:41:25 UTC] PHP   1. {main}() /home/ubuntu/workspace/midterm/program2.php:0
[28-Mar-2018 14:41:26 UTC] PHP Fatal error:  Call to a member function fetch() on a non-object in /home/ubuntu/workspace/midterm/program2.php on line 19
[28-Mar-2018 14:41:26 UTC] PHP Stack trace:
[28-Mar-2018 14:41:26 UTC] PHP   1. {main}() /home/ubuntu/workspace/midterm/program2.php:0
[28-Mar-2018 14:41:26 UTC] PHP Fatal error:  Call to a member function fetch() on a non-object in /home/ubuntu/workspace/midterm/program2.php on line 19
[28-Mar-2018 14:41:26 UTC] PHP Stack trace:
[28-Mar-2018 14:41:26 UTC] PHP   1. {main}() /home/ubuntu/workspace/midterm/program2.php:0
[28-Mar-2018 14:41:26 UTC] PHP Fatal error:  Call to a member function fetch() on a non-object in /home/ubuntu/workspace/midterm/program2.php on line 19
[28-Mar-2018 14:41:26 UTC] PHP Stack trace:
[28-Mar-2018 14:41:26 UTC] PHP   1. {main}() /home/ubuntu/workspace/midterm/program2.php:0
[28-Mar-2018 14:41:26 UTC] PHP Fatal error:  Call to a member function fetch() on a non-object in /home/ubuntu/workspace/midterm/program2.php on line 19
[28-Mar-2018 14:41:26 UTC] PHP Stack trace:
[28-Mar-2018 14:41:26 UTC] PHP   1. {main}() /home/ubuntu/workspace/midterm/program2.php:0
[28-Mar-2018 14:41:27 UTC] PHP Fatal error:  Call to a member function fetch() on a non-object in /home/ubuntu/workspace/midterm/program2.php on line 19
[28-Mar-2018 14:41:27 UTC] PHP Stack trace:
[28-Mar-2018 14:41:27 UTC] PHP   1. {main}() /home/ubuntu/workspace/midterm/program2.php:0
[28-Mar-2018 14:41:27 UTC] PHP Fatal error:  Call to a member function fetch() on a non-object in /home/ubuntu/workspace/midterm/program2.php on line 19
[28-Mar-2018 14:41:27 UTC] PHP Stack trace:
[28-Mar-2018 14:41:27 UTC] PHP   1. {main}() /home/ubuntu/workspace/midterm/program2.php:0
[28-Mar-2018 14:41:27 UTC] PHP Fatal error:  Call to a member function fetch() on a non-object in /home/ubuntu/workspace/midterm/program2.php on line 19
[28-Mar-2018 14:41:27 UTC] PHP Stack trace:
[28-Mar-2018 14:41:27 UTC] PHP   1. {main}() /home/ubuntu/workspace/midterm/program2.php:0
[28-Mar-2018 14:41:27 UTC] PHP Fatal error:  Call to a member function fetch() on a non-object in /home/ubuntu/workspace/midterm/program2.php on line 19
[28-Mar-2018 14:41:27 UTC] PHP Stack trace:
[28-Mar-2018 14:41:27 UTC] PHP   1. {main}() /home/ubuntu/workspace/midterm/program2.php:0
[28-Mar-2018 14:41:27 UTC] PHP Fatal error:  Call to a member function fetch() on a non-object in /home/ubuntu/workspace/midterm/program2.php on line 19
[28-Mar-2018 14:41:27 UTC] PHP Stack trace:
[28-Mar-2018 14:41:27 UTC] PHP   1. {main}() /home/ubuntu/workspace/midterm/program2.php:0
[28-Mar-2018 14:41:28 UTC] PHP Fatal error:  Call to a member function fetch() on a non-object in /home/ubuntu/workspace/midterm/program2.php on line 19
[28-Mar-2018 14:41:28 UTC] PHP Stack trace:
[28-Mar-2018 14:41:28 UTC] PHP   1. {main}() /home/ubuntu/workspace/midterm/program2.php:0
[28-Mar-2018 14:41:39 UTC] PHP Fatal error:  Call to a member function fetch() on a non-object in /home/ubuntu/workspace/midterm/program2.php on line 19
[28-Mar-2018 14:41:39 UTC] PHP Stack trace:
[28-Mar-2018 14:41:39 UTC] PHP   1. {main}() /home/ubuntu/workspace/midterm/program2.php:0
[28-Mar-2018 14:41:40 UTC] PHP Fatal error:  Call to a member function fetch() on a non-object in /home/ubuntu/workspace/midterm/program2.php on line 19
[28-Mar-2018 14:41:40 UTC] PHP Stack trace:
[28-Mar-2018 14:41:40 UTC] PHP   1. {main}() /home/ubuntu/workspace/midterm/program2.php:0
[28-Mar-2018 14:41:40 UTC] PHP Fatal error:  Call to a member function fetch() on a non-object in /home/ubuntu/workspace/midterm/program2.php on line 19
[28-Mar-2018 14:41:40 UTC] PHP Stack trace:
[28-Mar-2018 14:41:40 UTC] PHP   1. {main}() /home/ubuntu/workspace/midterm/program2.php:0
[28-Mar-2018 14:41:40 UTC] PHP Fatal error:  Call to a member function fetch() on a non-object in /home/ubuntu/workspace/midterm/program2.php on line 19
[28-Mar-2018 14:41:40 UTC] PHP Stack trace:
[28-Mar-2018 14:41:40 UTC] PHP   1. {main}() /home/ubuntu/workspace/midterm/program2.php:0
[28-Mar-2018 14:41:40 UTC] PHP Fatal error:  Call to a member function fetch() on a non-object in /home/ubuntu/workspace/midterm/program2.php on line 19
[28-Mar-2018 14:41:40 UTC] PHP Stack trace:
[28-Mar-2018 14:41:40 UTC] PHP   1. {main}() /home/ubuntu/workspace/midterm/program2.php:0
[28-Mar-2018 14:42:05 UTC] PHP Fatal error:  Call to a member function fetch() on a non-object in /home/ubuntu/workspace/midterm/program2.php on line 38
[28-Mar-2018 14:42:05 UTC] PHP Stack trace:
[28-Mar-2018 14:42:05 UTC] PHP   1. {main}() /home/ubuntu/workspace/midterm/program2.php:0
[28-Mar-2018 14:45:52 UTC] PHP Fatal error:  Call to a member function fetch() on a non-object in /home/ubuntu/workspace/midterm/program2.php on line 38
[28-Mar-2018 14:45:52 UTC] PHP Stack trace:
[28-Mar-2018 14:45:52 UTC] PHP   1. {main}() /home/ubuntu/workspace/midterm/program2.php:0
[28-Mar-2018 14:45:53 UTC] PHP Fatal error:  Call to a member function fetch() on a non-object in /home/ubuntu/workspace/midterm/program2.php on line 38
[28-Mar-2018 14:45:53 UTC] PHP Stack trace:
[28-Mar-2018 14:45:53 UTC] PHP   1. {main}() /home/ubuntu/workspace/midterm/program2.php:0
[28-Mar-2018 14:45:53 UTC] PHP Fatal error:  Call to a member function fetch() on a non-object in /home/ubuntu/workspace/midterm/program2.php on line 38
[28-Mar-2018 14:45:53 UTC] PHP Stack trace:
[28-Mar-2018 14:45:53 UTC] PHP   1. {main}() /home/ubuntu/workspace/midterm/program2.php:0
[28-Mar-2018 14:45:54 UTC] PHP Fatal error:  Call to a member function fetch() on a non-object in /home/ubuntu/workspace/midterm/program2.php on line 38
[28-Mar-2018 14:45:54 UTC] PHP Stack trace:
[28-Mar-2018 14:45:54 UTC] PHP   1. {main}() /home/ubuntu/workspace/midterm/program2.php:0
[28-Mar-2018 14:45:54 UTC] PHP Fatal error:  Call to a member function fetch() on a non-object in /home/ubuntu/workspace/midterm/program2.php on line 38
[28-Mar-2018 14:45:54 UTC] PHP Stack trace:
[28-Mar-2018 14:45:54 UTC] PHP   1. {main}() /home/ubuntu/workspace/midterm/program2.php:0
[28-Mar-2018 14:45:54 UTC] PHP Fatal error:  Call to a member function fetch() on a non-object in /home/ubuntu/workspace/midterm/program2.php on line 38
[28-Mar-2018 14:45:54 UTC] PHP Stack trace:
[28-Mar-2018 14:45:54 UTC] PHP   1. {main}() /home/ubuntu/workspace/midterm/program2.php:0
[28-Mar-2018 14:49:12 UTC] PHP Fatal error:  Call to a member function fetch() on a non-object in /home/ubuntu/workspace/midterm/program2.php on line 38
[28-Mar-2018 14:49:12 UTC] PHP Stack trace:
[28-Mar-2018 14:49:12 UTC] PHP   1. {main}() /home/ubuntu/workspace/midterm/program2.php:0
[28-Mar-2018 14:50:22 UTC] PHP Fatal error:  Call to a member function fetch() on a non-object in /home/ubuntu/workspace/midterm/program2.php on line 48
[28-Mar-2018 14:50:22 UTC] PHP Stack trace:
[28-Mar-2018 14:50:22 UTC] PHP   1. {main}() /home/ubuntu/workspace/midterm/program2.php:0
[28-Mar-2018 15:42:02 UTC] PHP Parse error:  syntax error, unexpected '}' in /home/ubuntu/workspace/midterm/program1.php on line 111
[28-Mar-2018 15:54:11 UTC] PHP Warning:  Invalid argument supplied for foreach() in /home/ubuntu/workspace/midterm/program1.php on line 95
[28-Mar-2018 15:54:11 UTC] PHP Stack trace:
[28-Mar-2018 15:54:11 UTC] PHP   1. {main}() /home/ubuntu/workspace/midterm/program1.php:0
[28-Mar-2018 15:54:11 UTC] PHP   2. printSeats() /home/ubuntu/workspace/midterm/program1.php:174
[29-Mar-2018 15:17:22 UTC] PHP Fatal error:  Call to a member function query() on a non-object in /home/ubuntu/workspace/teamproject/index.php on line 157
[29-Mar-2018 15:17:22 UTC] PHP Stack trace:
[29-Mar-2018 15:17:22 UTC] PHP   1. {main}() /home/ubuntu/workspace/teamproject/index.php:0
[29-Mar-2018 15:43:02 UTC] PHP Fatal error:  Call to a member function query() on a non-object in /home/ubuntu/workspace/teamproject/index.php on line 184
[29-Mar-2018 15:43:02 UTC] PHP Stack trace:
[29-Mar-2018 15:43:02 UTC] PHP   1. {main}() /home/ubuntu/workspace/teamproject/index.php:0
[29-Mar-2018 15:43:46 UTC] PHP Fatal error:  Call to a member function query() on a non-object in /home/ubuntu/workspace/teamproject/index.php on line 184
[29-Mar-2018 15:43:46 UTC] PHP Stack trace:
[29-Mar-2018 15:43:46 UTC] PHP   1. {main}() /home/ubuntu/workspace/teamproject/index.php:0
[29-Mar-2018 15:43:48 UTC] PHP Fatal error:  Call to a member function query() on a non-object in /home/ubuntu/workspace/teamproject/index.php on line 184
[29-Mar-2018 15:43:48 UTC] PHP Stack trace:
[29-Mar-2018 15:43:48 UTC] PHP   1. {main}() /home/ubuntu/workspace/teamproject/index.php:0
[29-Mar-2018 15:43:48 UTC] PHP Fatal error:  Call to a member function query() on a non-object in /home/ubuntu/workspace/teamproject/index.php on line 184
[29-Mar-2018 15:43:48 UTC] PHP Stack trace:
[29-Mar-2018 15:43:48 UTC] PHP   1. {main}() /home/ubuntu/workspace/teamproject/index.php:0
[29-Mar-2018 15:43:49 UTC] PHP Fatal error:  Call to a member function query() on a non-object in /home/ubuntu/workspace/teamproject/index.php on line 184
[29-Mar-2018 15:43:49 UTC] PHP Stack trace:
[29-Mar-2018 15:43:49 UTC] PHP   1. {main}() /home/ubuntu/workspace/teamproject/index.php:0
[29-Mar-2018 15:43:49 UTC] PHP Fatal error:  Call to a member function query() on a non-object in /home/ubuntu/workspace/teamproject/index.php on line 184
[29-Mar-2018 15:43:49 UTC] PHP Stack trace:
[29-Mar-2018 15:43:49 UTC] PHP   1. {main}() /home/ubuntu/workspace/teamproject/index.php:0
[02-Apr-2018 22:19:03 UTC] PHP Warning:  include(../../dbConnection.php): failed to open stream: No such file or directory in /home/ubuntu/workspace/Lab5/loginProcess.php on line 4
[02-Apr-2018 22:19:03 UTC] PHP Stack trace:
[02-Apr-2018 22:19:03 UTC] PHP   1. {main}() /home/ubuntu/workspace/Lab5/loginProcess.php:0
[02-Apr-2018 22:19:03 UTC] PHP Warning:  include(): Failed opening '../../dbConnection.php' for inclusion (include_path='.:/usr/share/php:/usr/share/pear') in /home/ubuntu/workspace/Lab5/loginProcess.php on line 4
[02-Apr-2018 22:19:03 UTC] PHP Stack trace:
[02-Apr-2018 22:19:03 UTC] PHP   1. {main}() /home/ubuntu/workspace/Lab5/loginProcess.php:0
[02-Apr-2018 22:19:03 UTC] PHP Fatal error:  Call to undefined function getDatabaseConnection() in /home/ubuntu/workspace/Lab5/loginProcess.php on line 5
[02-Apr-2018 22:19:03 UTC] PHP Stack trace:
[02-Apr-2018 22:19:03 UTC] PHP   1. {main}() /home/ubuntu/workspace/Lab5/loginProcess.php:0
[02-Apr-2018 22:20:32 UTC] PHP Warning:  include(../../dbConnection.php): failed to open stream: No such file or directory in /home/ubuntu/workspace/Lab5/loginProcess.php on line 4
[02-Apr-2018 22:20:32 UTC] PHP Stack trace:
[02-Apr-2018 22:20:32 UTC] PHP   1. {main}() /home/ubuntu/workspace/Lab5/loginProcess.php:0
[02-Apr-2018 22:20:32 UTC] PHP Warning:  include(): Failed opening '../../dbConnection.php' for inclusion (include_path='.:/usr/share/php:/usr/share/pear') in /home/ubuntu/workspace/Lab5/loginProcess.php on line 4
[02-Apr-2018 22:20:32 UTC] PHP Stack trace:
[02-Apr-2018 22:20:32 UTC] PHP   1. {main}() /home/ubuntu/workspace/Lab5/loginProcess.php:0
[02-Apr-2018 22:20:32 UTC] PHP Fatal error:  Call to undefined function getDatabaseConnection() in /home/ubuntu/workspace/Lab5/loginProcess.php on line 5
[02-Apr-2018 22:20:32 UTC] PHP Stack trace:
[02-Apr-2018 22:20:32 UTC] PHP   1. {main}() /home/ubuntu/workspace/Lab5/loginProcess.php:0
[02-Apr-2018 22:26:21 UTC] PHP Fatal error:  Uncaught exception 'PDOException' with message 'SQLSTATE[HY000] [1045] Access denied for user 'root'@'localhost' (using password: NO)' in /home/ubuntu/workspace/Lab5/dbConnection.php:16
Stack trace:
#0 /home/ubuntu/workspace/Lab5/dbConnection.php(16): PDO->__construct('mysql:host=loca...', 'root', '')
#1 /home/ubuntu/workspace/Lab5/loginProcess.php(5): getDatabaseConnection()
#2 {main}
  thrown in /home/ubuntu/workspace/Lab5/dbConnection.php on line 16
[02-Apr-2018 22:27:04 UTC] PHP Fatal error:  Uncaught exception 'PDOException' with message 'SQLSTATE[HY000] [1049] Unknown database 'tcp'' in /home/ubuntu/workspace/Lab5/dbConnection.php:16
Stack trace:
#0 /home/ubuntu/workspace/Lab5/dbConnection.php(16): PDO->__construct('mysql:host=loca...', 'kevens', 'lol')
#1 /home/ubuntu/workspace/Lab5/loginProcess.php(5): getDatabaseConnection()
#2 {main}
  thrown in /home/ubuntu/workspace/Lab5/dbConnection.php on line 16
[02-Apr-2018 22:28:29 UTC] PHP Fatal error:  Uncaught exception 'PDOException' with message 'SQLSTATE[HY000] [1049] Unknown database 'tcp'' in /home/ubuntu/workspace/Lab5/dbConnection.php:16
Stack trace:
#0 /home/ubuntu/workspace/Lab5/dbConnection.php(16): PDO->__construct('mysql:host=loca...', 'kevens', 'lol')
#1 /home/ubuntu/workspace/Lab5/loginProcess.php(5): getDatabaseConnection()
#2 {main}
  thrown in /home/ubuntu/workspace/Lab5/dbConnection.php on line 16
[04-Apr-2018 04:17:31 UTC] PHP Fatal error:  Uncaught exception 'PDOException' with message 'SQLSTATE[42S02]: Base table or view not found: 1146 Table 'lab5.tc_admin' doesn't exist' in /home/ubuntu/workspace/Lab5/loginProcess.php:20
Stack trace:
#0 /home/ubuntu/workspace/Lab5/loginProcess.php(20): PDOStatement->execute(Array)
#1 {main}
  thrown in /home/ubuntu/workspace/Lab5/loginProcess.php on line 20
[04-Apr-2018 04:50:18 UTC] PHP Parse error:  syntax error, unexpected '}' in /home/ubuntu/workspace/Lab5/index.php on line 66
